SF:C:\Users\oyiny\OneDrive\2025\manueltech\Projects\Prolific Homecare LLC\Prolific HR - Command Centre\prolific-hr-app\supabase\functions\_shared\audit-logger.ts
FN:30,logAudit
FN:36,_writeAudit
FNDA:9,logAudit
FNDA:9,_writeAudit
FNF:2
FNH:2
BRDA:39,3,0,6
BRDA:39,3,1,3
BRDA:51,3,0,1
BRDA:51,3,1,8
BRDA:52,3,0,1
BRDA:52,3,1,8
BRDA:54,3,0,2
BRDA:54,3,1,7
BRF:8
BRH:8
DA:1,1
DA:30,1
DA:31,9
DA:32,1
DA:33,9
DA:34,9
DA:36,9
DA:37,9
DA:38,9
DA:39,9
DA:41,3
DA:42,3
DA:43,3
DA:45,3
DA:46,3
DA:47,3
DA:48,3
DA:49,3
DA:50,3
DA:51,9
DA:52,9
DA:54,9
DA:55,9
LH:23
LF:23
end_of_record
SF:C:\Users\oyiny\OneDrive\2025\manueltech\Projects\Prolific Homecare LLC\Prolific HR - Command Centre\prolific-hr-app\supabase\functions\_shared\cors.ts
FN:8,getAllowedOrigins
FN:19,corsHeaders
FN:44,handleCors
FN:56,withCors
FNDA:8,getAllowedOrigins
FNDA:10,corsHeaders
FNDA:7,handleCors
FNDA:4,withCors
FNF:4
FNH:4
BRDA:10,1,0,1
BRDA:10,1,1,7
BRDA:11,1,0,2
BRDA:11,1,1,6
BRDA:21,2,0,8
BRDA:21,2,1,6
BRDA:21,2,2,4
BRDA:46,3,0,6
BRDA:46,3,1,1
BRDA:48,3,0,1
BRDA:48,3,1,6
BRDA:59,4,0,16
BRF:12
BRH:12
DA:2,1
DA:8,8
DA:9,8
DA:10,8
DA:11,8
DA:12,8
DA:13,8
DA:19,10
DA:20,10
DA:21,10
DA:23,10
DA:24,10
DA:25,10
DA:26,10
DA:27,10
DA:28,10
DA:29,10
DA:30,10
DA:44,1
DA:45,7
DA:46,7
DA:47,6
DA:48,6
DA:49,1
DA:50,7
DA:56,1
DA:57,4
DA:58,4
DA:59,4
DA:60,16
DA:61,16
DA:62,4
DA:63,4
DA:64,4
DA:65,4
DA:66,4
DA:67,4
LH:37
LF:37
end_of_record
SF:C:\Users\oyiny\OneDrive\2025\manueltech\Projects\Prolific Homecare LLC\Prolific HR - Command Centre\prolific-hr-app\supabase\functions\_shared\error-response.ts
FN:22,errorResponse
FN:42,handleError
FNDA:8,errorResponse
FNDA:5,handleError
FNF:2
FNH:2
BRDA:29,1,0,1
BRDA:29,1,1,7
BRDA:43,2,0,2
BRDA:43,2,1,3
BRDA:45,2,0,3
BRDA:45,2,1,2
BRDA:46,2,0,1
BRDA:46,2,1,4
BRDA:49,2,0,2
BRDA:49,2,1,3
BRF:10
BRH:10
DA:1,1
DA:21,1
DA:22,1
DA:23,1
DA:24,1
DA:25,1
DA:26,1
DA:28,8
DA:29,8
DA:30,8
DA:31,8
DA:32,8
DA:33,8
DA:34,8
DA:35,8
DA:42,1
DA:43,5
DA:44,2
DA:45,2
DA:46,5
DA:48,1
DA:49,1
DA:50,2
DA:51,5
LH:24
LF:24
end_of_record
SF:C:\Users\oyiny\OneDrive\2025\manueltech\Projects\Prolific Homecare LLC\Prolific HR - Command Centre\prolific-hr-app\supabase\functions\_shared\tenant-guard.ts
FN:25,<instance_members_initializer>
FN:28,TenantGuardError
FN:52,tenantGuard
FNDA:14,<instance_members_initializer>
FNDA:14,TenantGuardError
FNDA:15,tenantGuard
FNF:3
FNH:3
BRDA:54,3,0,14
BRDA:54,3,1,2
BRDA:56,3,0,13
BRDA:56,3,1,2
BRDA:63,3,0,1
BRDA:63,3,1,12
BRDA:65,3,0,2
BRDA:65,3,1,13
BRDA:67,3,0,11
BRDA:67,3,1,4
BRDA:70,3,0,10
BRDA:70,3,1,1
BRDA:72,3,0,10
BRDA:72,3,1,5
BRDA:75,3,0,9
BRDA:75,3,1,1
BRDA:80,3,0,9
BRDA:80,3,1,6
BRDA:84,3,0,7
BRDA:84,3,1,3
BRDA:89,3,0,6
BRDA:89,3,1,9
BRDA:93,3,0,1
BRDA:93,3,1,14
BRDA:98,3,0,5
BRDA:98,3,1,10
BRDA:102,3,0,4
BRDA:102,3,1,2
BRDA:108,3,0,3
BRDA:108,3,1,12
BRF:30
BRH:30
DA:1,2
DA:24,2
DA:25,2
DA:26,2
DA:28,2
DA:29,14
DA:30,14
DA:31,14
DA:32,14
DA:33,14
DA:34,2
DA:52,2
DA:53,15
DA:54,15
DA:55,2
DA:56,2
DA:58,13
DA:60,13
DA:61,13
DA:62,13
DA:63,15
DA:64,12
DA:65,15
DA:66,2
DA:67,2
DA:69,11
DA:70,15
DA:71,1
DA:72,1
DA:74,10
DA:75,15
DA:76,1
DA:77,1
DA:78,1
DA:80,1
DA:81,9
DA:83,9
DA:84,15
DA:85,3
DA:86,3
DA:87,3
DA:89,3
DA:91,6
DA:92,6
DA:93,15
DA:94,1
DA:95,1
DA:96,1
DA:98,1
DA:100,5
DA:101,5
DA:102,15
DA:103,2
DA:104,2
DA:105,2
DA:106,2
DA:108,2
DA:111,3
DA:112,3
DA:113,3
DA:114,3
DA:116,3
DA:117,3
DA:118,3
DA:119,3
DA:120,3
DA:121,3
DA:122,15
LH:68
LF:68
end_of_record
